  draw_snake.cpp
draw_snake.cpp(124): warning C4244: “=”: 从“double”转换到“GLfloat”，可能丢失数据
draw_snake.cpp(125): warning C4244: “参数”: 从“double”转换到“GLfloat”，可能丢失数据
draw_snake.cpp(219): warning C4244: “初始化”: 从“GLfloat”转换到“int”，可能丢失数据
draw_snake.cpp(229): warning C4996: 'fopen': This function or variable may be unsafe. Consider using fopen_s instead. To disable deprecation, use _CRT_SECURE_NO_WARNINGS. See online help for details.
  C:\Program Files (x86)\Windows Kits\10\Include\10.0.10240.0\ucrt\stdio.h(205): note: 参见“fopen”的声明
draw_snake.cpp(354): warning C4244: “参数”: 从“double”转换到“GLfloat”，可能丢失数据
draw_snake.cpp(355): warning C4244: “参数”: 从“double”转换到“GLfloat”，可能丢失数据
draw_snake.cpp(356): warning C4244: “参数”: 从“double”转换到“GLfloat”，可能丢失数据
draw_snake.cpp(357): warning C4244: “参数”: 从“double”转换到“GLfloat”，可能丢失数据
draw_snake.cpp(368): warning C4244: “参数”: 从“double”转换到“GLfloat”，可能丢失数据
draw_snake.cpp(369): warning C4244: “参数”: 从“double”转换到“GLfloat”，可能丢失数据
draw_snake.cpp(374): warning C4244: “参数”: 从“double”转换到“GLfloat”，可能丢失数据
draw_snake.cpp(375): warning C4244: “参数”: 从“double”转换到“GLfloat”，可能丢失数据
draw_snake.cpp(379): warning C4244: “参数”: 从“double”转换到“GLfloat”，可能丢失数据
draw_snake.cpp(380): warning C4244: “参数”: 从“double”转换到“GLfloat”，可能丢失数据
draw_snake.cpp(383): warning C4244: “参数”: 从“double”转换到“GLfloat”，可能丢失数据
draw_snake.cpp(384): warning C4244: “参数”: 从“double”转换到“GLfloat”，可能丢失数据
draw_snake.cpp(395): warning C4244: “参数”: 从“double”转换到“GLfloat”，可能丢失数据
draw_snake.cpp(403): warning C4244: “参数”: 从“double”转换到“GLfloat”，可能丢失数据
draw_snake.cpp(406): warning C4244: “参数”: 从“double”转换到“GLfloat”，可能丢失数据
draw_snake.cpp(407): warning C4244: “参数”: 从“double”转换到“GLfloat”，可能丢失数据
  main.cpp
main.cpp(31): warning C4838: 从“double”转换到“GLfloat”需要收缩转换
main.cpp(31): warning C4305: “初始化”: 从“double”到“GLfloat”截断
main.cpp(33): warning C4838: 从“double”转换到“GLfloat”需要收缩转换
main.cpp(33): warning C4305: “初始化”: 从“double”到“GLfloat”截断
main.cpp(83): warning C4244: “+=”: 从“double”转换到“GLfloat”，可能丢失数据
main.cpp(84): warning C4244: “+=”: 从“double”转换到“GLfloat”，可能丢失数据
main.cpp(121): warning C4244: “=”: 从“double”转换到“GLfloat”，可能丢失数据
main.cpp(122): warning C4244: “=”: 从“double”转换到“GLfloat”，可能丢失数据
main.cpp(124): warning C4244: “=”: 从“double”转换到“GLfloat”，可能丢失数据
main.cpp(125): warning C4244: “=”: 从“double”转换到“GLfloat”，可能丢失数据
main.cpp(129): warning C4244: “=”: 从“int”转换到“GLfloat”，可能丢失数据
main.cpp(132): warning C4244: “=”: 从“double”转换到“GLfloat”，可能丢失数据
main.cpp(133): warning C4244: “=”: 从“double”转换到“GLfloat”，可能丢失数据
main.cpp(142): warning C4305: “+=”: 从“double”到“GLfloat”截断
main.cpp(144): warning C4244: “=”: 从“double”转换到“GLfloat”，可能丢失数据
main.cpp(145): warning C4244: “=”: 从“double”转换到“GLfloat”，可能丢失数据
main.cpp(149): warning C4244: “=”: 从“double”转换到“GLfloat”，可能丢失数据
main.cpp(155): warning C4244: “=”: 从“double”转换到“GLfloat”，可能丢失数据
main.cpp(165): warning C4838: 从“double”转换到“GLfloat”需要收缩转换
main.cpp(165): warning C4305: “初始化”: 从“double”到“GLfloat”截断
main.cpp(368): warning C4838: 从“double”转换到“GLfloat”需要收缩转换
main.cpp(368): warning C4305: “初始化”: 从“double”到“GLfloat”截断
main.cpp(396): warning C4305: “参数”: 从“double”到“float”截断
main.cpp(417): warning C4244: “=”: 从“double”转换到“int”，可能丢失数据
main.cpp(478): warning C4244: “=”: 从“double”转换到“GLfloat”，可能丢失数据
main.cpp(479): warning C4244: “=”: 从“double”转换到“GLfloat”，可能丢失数据
  obstacle.cpp
obstacle.cpp : warning C4819: 该文件包含不能在当前代码页(936)中表示的字符。请将该文件保存为 Unicode 格式以防止数据丢失
obstacle.cpp(20): warning C4244: “=”: 从“int”转换到“GLfloat”，可能丢失数据
obstacle.cpp(21): warning C4244: “=”: 从“int”转换到“GLfloat”，可能丢失数据
obstacle.cpp(25): warning C4244: “=”: 从“int”转换到“GLfloat”，可能丢失数据
obstacle.cpp(26): warning C4244: “=”: 从“int”转换到“GLfloat”，可能丢失数据
obstacle.cpp(30): warning C4244: “=”: 从“int”转换到“GLfloat”，可能丢失数据
obstacle.cpp(31): warning C4244: “=”: 从“int”转换到“GLfloat”，可能丢失数据
obstacle.cpp(35): warning C4244: “=”: 从“int”转换到“GLfloat”，可能丢失数据
obstacle.cpp(36): warning C4244: “=”: 从“int”转换到“GLfloat”，可能丢失数据
obstacle.cpp(40): warning C4244: “=”: 从“int”转换到“GLfloat”，可能丢失数据
obstacle.cpp(41): warning C4244: “=”: 从“int”转换到“GLfloat”，可能丢失数据
obstacle.cpp(45): warning C4244: “=”: 从“int”转换到“GLfloat”，可能丢失数据
obstacle.cpp(46): warning C4244: “=”: 从“int”转换到“GLfloat”，可能丢失数据
obstacle.cpp(93): warning C4244: “初始化”: 从“GLfloat”转换到“int”，可能丢失数据
obstacle.cpp(221): warning C4244: “-=”: 从“double”转换到“GLfloat”，可能丢失数据
obstacle.cpp(222): warning C4244: “-=”: 从“double”转换到“GLfloat”，可能丢失数据
obstacle.cpp(223): warning C4244: “-=”: 从“double”转换到“GLfloat”，可能丢失数据
obstacle.cpp(224): warning C4244: “-=”: 从“double”转换到“GLfloat”，可能丢失数据
obstacle.cpp(225): warning C4244: “-=”: 从“double”转换到“GLfloat”，可能丢失数据
obstacle.cpp(226): warning C4244: “-=”: 从“double”转换到“GLfloat”，可能丢失数据
obstacle.cpp(311): warning C4244: “+=”: 从“double”转换到“GLfloat”，可能丢失数据
obstacle.cpp(312): warning C4244: “+=”: 从“double”转换到“GLfloat”，可能丢失数据
obstacle.cpp(313): warning C4244: “+=”: 从“double”转换到“GLfloat”，可能丢失数据
obstacle.cpp(314): warning C4244: “+=”: 从“double”转换到“GLfloat”，可能丢失数据
obstacle.cpp(315): warning C4244: “+=”: 从“double”转换到“GLfloat”，可能丢失数据
obstacle.cpp(316): warning C4244: “+=”: 从“double”转换到“GLfloat”，可能丢失数据
  正在生成代码
  14 of 1306 functions ( 1.1%) were compiled, the rest were copied from previous compilation.
    0 functions were new in current compilation
    0 functions had inline decision re-evaluated but remain unchanged
  已完成代码的生成
  CGProject.vcxproj -> C:\Users\Flamingo\Desktop\CG_Project\CGProject-master\Release\CGProject.exe
  CGProject.vcxproj -> C:\Users\Flamingo\Desktop\CG_Project\CGProject-master\Release\CGProject.pdb (Full PDB)
